<?xml version="1.0" encoding="UTF-8"?>
<testsuite name="com.codewithvarun.PolygeneFinderTest" tests="1" skipped="0" failures="0" errors="0" timestamp="2020-08-30T11:13:15" hostname="Varuns-MacBook-Pro.local" time="0.014">
  <properties/>
  <testcase name="sandbox()" classname="com.codewithvarun.PolygeneFinderTest" time="0.014"/>
  <system-out><![CDATA[1, 31, 961, 29791, 923521, 28629151, 887503681, 1742810335, -1807454463, -196513505, -1796951359, 129082719, -293403007, -505558625, 1507551809, -510534177, 1353309697, -997072353, -844471871, -408824225, 211350913, -2038056289, 1244764481, -67006753, -2077209343, 31019807, 961614017, -254736545, 693101697, 11316127, 350799937, -2010103841, 2111290369, 1025491999, 1725480897, 1950300255, 329765761, 1632803999, -922683583, 1461579999, -1935660287, 124073247, -448696639, -1024693921, -1700740479, -1183347297, 1970939457, 969581023, -7759359, -240540129, 1133190593, 769170015, -1925533311, 438009503, 693392705, 20337375, 630458625, -1930619105, 280349889, 100911967, -1166696319, -1807847521, -208698303, 2120287199
]]></system-out>
  <system-err><![CDATA[]]></system-err>
</testsuite>
